Using pre-set license
Built from '2020.2/staging' branch; Version is '2020.2.3f1 (8ff31bc5bf5b) revision 9433883'; Using compiler version '192528614'; Build Type 'Release'
OS: 'Windows 10 Pro; OS build 19042.867; Version 2009; 64bit' Language: 'en' Physical Memory: 16305 MB
BatchMode: 1, IsHumanControllingUs: 0, StartBugReporterOnCrash: 0, Is64bit: 1, IsPro: 0

 COMMAND LINE ARGUMENTS:
C:\Program Files\Unity\Hub\Editor\2020.2.3f1\Editor\Unity.exe
-adb2
-batchMode
-noUpm
-name
AssetImportWorker0
-projectPath
C:/Users/Cristina Martinez/Shooter2
-logFile
Logs/AssetImportWorker0.log
-srvPort
61162
Successfully changed project path to: C:/Users/Cristina Martinez/Shooter2
C:/Users/Cristina Martinez/Shooter2
Using Asset Import Pipeline V2.
Refreshing native plugins compatible for Editor in 30.71 ms, found 1 plugins.
Preloading 0 native plugins for Editor in 0.00 ms.
Initialize engine version: 2020.2.3f1 (8ff31bc5bf5b)
[Subsystems] Discovering subsystems at path C:/Program Files/Unity/Hub/Editor/2020.2.3f1/Editor/Data/Resources/UnitySubsystems
[Subsystems] Discovering subsystems at path C:/Users/Cristina Martinez/Shooter2/Assets
GfxDevice: creating device client; threaded=0
Direct3D:
    Version:  Direct3D 11.0 [level 11.1]
    Renderer: NVIDIA GeForce GTX 1660 Ti (ID=0x2182)
    Vendor:   
    VRAM:     5991 MB
    Driver:   27.21.14.6172
Initialize mono
Mono path[0] = 'C:/Program Files/Unity/Hub/Editor/2020.2.3f1/Editor/Data/Managed'
Mono path[1] = 'C:/Program Files/Unity/Hub/Editor/2020.2.3f1/Editor/Data/MonoBleedingEdge/lib/mono/unityjit'
Mono config path = 'C:/Program Files/Unity/Hub/Editor/2020.2.3f1/Editor/Data/MonoBleedingEdge/etc'
Using monoOptions --debugger-agent=transport=dt_socket,embedding=1,server=y,suspend=n,address=127.0.0.1:56976
Begin MonoManager ReloadAssembly
Registering precompiled unity dll's ...
Register platform support module: C:/Program Files/Unity/Hub/Editor/2020.2.3f1/Editor/Data/PlaybackEngines/WindowsStandaloneSupport/UnityEditor.WindowsStandalone.Extensions.dll
Registered in 0.002116 seconds.
Native extension for WindowsStandalone target not found
Refreshing native plugins compatible for Editor in 30.65 ms, found 1 plugins.
Preloading 0 native plugins for Editor in 0.00 ms.
Invoked RoslynAnalysisRunner static constructor.
RoslynAnalysisRunner will not be running.
RoslynAnalysisRunner has terminated.
Mono: successfully reloaded assembly
- Completed reload, in  0.926 seconds
Platform modules already initialized, skipping
Registering precompiled user dll's ...
Registered in 0.001042 seconds.
Begin MonoManager ReloadAssembly
Native extension for WindowsStandalone target not found
Refreshing native plugins compatible for Editor in 32.62 ms, found 1 plugins.
Preloading 0 native plugins for Editor in 0.00 ms.
Invoked RoslynAnalysisRunner static constructor.
RoslynAnalysisRunner will not be running.
RoslynAnalysisRunner has terminated.
Mono: successfully reloaded assembly
- Completed reload, in  0.779 seconds
Platform modules already initialized, skipping
========================================================================
Worker process is ready to serve import requests
Launched and connected shader compiler UnityShaderCompiler.exe after 0.06 seconds
Refreshing native plugins compatible for Editor in 0.32 ms, found 1 plugins.
Preloading 0 native plugins for Editor in 0.00 ms.
Unloading 1800 Unused Serialized files (Serialized files now loaded: 0)
System memory in use before: 84.7 MB.
System memory in use after: 84.6 MB.

Unloading 24 unused Assets to reduce memory usage. Loaded Objects now: 2243.
Total: 2.380600 ms (FindLiveObjects: 0.249700 ms CreateObjectMapping: 0.235000 ms MarkObjects: 1.743200 ms  DeleteObjects: 0.150900 ms)

========================================================================
Received Prepare
Registering precompiled user dll's ...
Registered in 0.000896 seconds.
Begin MonoManager ReloadAssembly
Native extension for WindowsStandalone target not found
Refreshing native plugins compatible for Editor in 0.37 ms, found 1 plugins.
Preloading 0 native plugins for Editor in 0.00 ms.
Invoked RoslynAnalysisRunner static constructor.
RoslynAnalysisRunner will not be running.
RoslynAnalysisRunner has terminated.
Mono: successfully reloaded assembly
- Completed reload, in  0.680 seconds
Platform modules already initialized, skipping
Refreshing native plugins compatible for Editor in 0.30 ms, found 1 plugins.
Preloading 0 native plugins for Editor in 0.00 ms.
Unloading 1795 Unused Serialized files (Serialized files now loaded: 0)
System memory in use before: 84.6 MB.
System memory in use after: 84.6 MB.

Unloading 12 unused Assets to reduce memory usage. Loaded Objects now: 2246.
Total: 1.665700 ms (FindLiveObjects: 0.149100 ms CreateObjectMapping: 0.050000 ms MarkObjects: 1.378800 ms  DeleteObjects: 0.086800 ms)

========================================================================
Received Import Request.
  path: Assets/Scripts/SoundManager.cs
  artifactKey: Guid(26d1e7a0d89d8b445876ae704609e3fd) Importer(815301076,1909f56bfc062723c751e8b465ee728b)
Start importing Assets/Scripts/SoundManager.cs using Guid(26d1e7a0d89d8b445876ae704609e3fd) Importer(815301076,1909f56bfc062723c751e8b465ee728b)  -> (artifact id: 'd2b7e043d239addfc0569a5cbfff0a58') in 0.020699 seconds
  Import took 0.023335 seconds .

========================================================================
Received Import Request.
  Time since last request: 8.935808 seconds.
  path: Assets/Audio
  artifactKey: Guid(21d9ad33b51f80542b3991cd2336e5b7) Importer(815301076,1909f56bfc062723c751e8b465ee728b)
Start importing Assets/Audio using Guid(21d9ad33b51f80542b3991cd2336e5b7) Importer(815301076,1909f56bfc062723c751e8b465ee728b)  -> (artifact id: '1653eda32551705ab366e7b6ccd21ed5') in 0.003558 seconds
  Import took 0.006358 seconds .

========================================================================
Received Import Request.
  Time since last request: 0.001645 seconds.
  path: Assets/Audio
  artifactKey: Guid(21d9ad33b51f80542b3991cd2336e5b7) Importer(815301076,1909f56bfc062723c751e8b465ee728b)
Start importing Assets/Audio using Guid(21d9ad33b51f80542b3991cd2336e5b7) Importer(815301076,1909f56bfc062723c751e8b465ee728b)  -> (artifact id: '1653eda32551705ab366e7b6ccd21ed5') in 0.003043 seconds
  Import took 0.005746 seconds .

========================================================================
Received Import Request.
  Time since last request: 12.297678 seconds.
  path: Assets/Audio/alien1.mp3
  artifactKey: Guid(faeeb7171cab2fa41aafba979bc8688d) Importer(815301076,1909f56bfc062723c751e8b465ee728b)
Start importing Assets/Audio/alien1.mp3 using Guid(faeeb7171cab2fa41aafba979bc8688d) Importer(815301076,1909f56bfc062723c751e8b465ee728b)  -> (artifact id: '0f511a2db1eabd2cf82c63b05441572b') in 0.092549 seconds
  Import took 0.095624 seconds .

========================================================================
Received Import Request.
  Time since last request: 0.000893 seconds.
  path: Assets/Audio/Enemyfire.mp3
  artifactKey: Guid(a00a22d3bb5c22142a014c1b376794ab) Importer(815301076,1909f56bfc062723c751e8b465ee728b)
Start importing Assets/Audio/Enemyfire.mp3 using Guid(a00a22d3bb5c22142a014c1b376794ab) Importer(815301076,1909f56bfc062723c751e8b465ee728b)  -> (artifact id: '0cde30d95b657c769eecddaf6dff3fa8') in 0.009467 seconds
  Import took 0.012444 seconds .

========================================================================
Received Import Request.
  Time since last request: 0.000732 seconds.
  path: Assets/Audio/mybullet.mp3
  artifactKey: Guid(2467a292e5e6bbc4da592aa2260c1be8) Importer(815301076,1909f56bfc062723c751e8b465ee728b)
Start importing Assets/Audio/mybullet.mp3 using Guid(2467a292e5e6bbc4da592aa2260c1be8) Importer(815301076,1909f56bfc062723c751e8b465ee728b)  -> (artifact id: 'a825177766806c0818586668474b83f2') in 0.008407 seconds
  Import took 0.011218 seconds .

========================================================================
Received Import Request.
  Time since last request: 0.000848 seconds.
  path: Assets/Audio/Enemydies.mp3
  artifactKey: Guid(ed69a1c3c05402045ba53d6540b3ae20) Importer(815301076,1909f56bfc062723c751e8b465ee728b)
Start importing Assets/Audio/Enemydies.mp3 using Guid(ed69a1c3c05402045ba53d6540b3ae20) Importer(815301076,1909f56bfc062723c751e8b465ee728b)  -> (artifact id: 'ce97440b39ec8dc50c0c9cbae44055bd') in 0.009540 seconds
  Import took 0.012048 seconds .

========================================================================
Received Import Request.
  Time since last request: 0.000361 seconds.
  path: Assets/Audio/alien2.mp3
  artifactKey: Guid(ed18aaa2e8d8e724f89425b3a1c785d4) Importer(815301076,1909f56bfc062723c751e8b465ee728b)
Start importing Assets/Audio/alien2.mp3 using Guid(ed18aaa2e8d8e724f89425b3a1c785d4) Importer(815301076,1909f56bfc062723c751e8b465ee728b)  -> (artifact id: '2da599cd964683e996fe3555ff4459b3') in 0.007968 seconds
  Import took 0.010861 seconds .

========================================================================
Received Import Request.
  Time since last request: 0.000329 seconds.
  path: Assets/Audio/explosion.mp3
  artifactKey: Guid(d104cc8fc2af68041b1dbc84afbb1336) Importer(815301076,1909f56bfc062723c751e8b465ee728b)
Start importing Assets/Audio/explosion.mp3 using Guid(d104cc8fc2af68041b1dbc84afbb1336) Importer(815301076,1909f56bfc062723c751e8b465ee728b)  -> (artifact id: 'ec5741dcc51aa3446f7343bf95d52ec5') in 0.008589 seconds
  Import took 0.011120 seconds .

========================================================================
Received Prepare
Registering precompiled user dll's ...
Registered in 0.000946 seconds.
Begin MonoManager ReloadAssembly
Native extension for WindowsStandalone target not found
Refreshing native plugins compatible for Editor in 0.30 ms, found 1 plugins.
Preloading 0 native plugins for Editor in 0.00 ms.
Invoked RoslynAnalysisRunner static constructor.
RoslynAnalysisRunner will not be running.
RoslynAnalysisRunner has terminated.
Mono: successfully reloaded assembly
- Completed reload, in  0.687 seconds
Platform modules already initialized, skipping
Refreshing native plugins compatible for Editor in 0.30 ms, found 1 plugins.
Preloading 0 native plugins for Editor in 0.00 ms.
Unloading 1795 Unused Serialized files (Serialized files now loaded: 0)
System memory in use before: 87.8 MB.
System memory in use after: 87.8 MB.

Unloading 12 unused Assets to reduce memory usage. Loaded Objects now: 2258.
Total: 1.918800 ms (FindLiveObjects: 0.234900 ms CreateObjectMapping: 0.062400 ms MarkObjects: 1.499700 ms  DeleteObjects: 0.120200 ms)

========================================================================
Received Import Request.
  Time since last request: 103.110858 seconds.
  path: Assets/Scripts/SoundManager.cs
  artifactKey: Guid(26d1e7a0d89d8b445876ae704609e3fd) Importer(815301076,1909f56bfc062723c751e8b465ee728b)
Start importing Assets/Scripts/SoundManager.cs using Guid(26d1e7a0d89d8b445876ae704609e3fd) Importer(815301076,1909f56bfc062723c751e8b465ee728b)  -> (artifact id: '425e53d71d5aa08a6e99298e1cbeaa8b') in 0.006507 seconds
  Import took 0.009510 seconds .

========================================================================
Received Import Request.
  Time since last request: 30.676965 seconds.
  path: Assets/Scripts/SoundManager.cs
  artifactKey: Guid(26d1e7a0d89d8b445876ae704609e3fd) Importer(815301076,1909f56bfc062723c751e8b465ee728b)
Start importing Assets/Scripts/SoundManager.cs using Guid(26d1e7a0d89d8b445876ae704609e3fd) Importer(815301076,1909f56bfc062723c751e8b465ee728b)  -> (artifact id: 'c6c347e42b8fd80299165735ba769028') in 0.004738 seconds
  Import took 0.007879 seconds .

========================================================================
Received Prepare
Registering precompiled user dll's ...
Registered in 0.000867 seconds.
Begin MonoManager ReloadAssembly
Native extension for WindowsStandalone target not found
Refreshing native plugins compatible for Editor in 0.31 ms, found 1 plugins.
Preloading 0 native plugins for Editor in 0.00 ms.
Invoked RoslynAnalysisRunner static constructor.
RoslynAnalysisRunner will not be running.
RoslynAnalysisRunner has terminated.
Mono: successfully reloaded assembly
- Completed reload, in  0.698 seconds
Platform modules already initialized, skipping
Refreshing native plugins compatible for Editor in 0.42 ms, found 1 plugins.
Preloading 0 native plugins for Editor in 0.00 ms.
Unloading 1795 Unused Serialized files (Serialized files now loaded: 0)
System memory in use before: 87.9 MB.
System memory in use after: 87.9 MB.

Unloading 12 unused Assets to reduce memory usage. Loaded Objects now: 2261.
Total: 1.735200 ms (FindLiveObjects: 0.169700 ms CreateObjectMapping: 0.058100 ms MarkObjects: 1.418100 ms  DeleteObjects: 0.088400 ms)

========================================================================
Received Import Request.
  Time since last request: 38.905426 seconds.
  path: Assets/Scripts/SoundManager.cs
  artifactKey: Guid(26d1e7a0d89d8b445876ae704609e3fd) Importer(815301076,1909f56bfc062723c751e8b465ee728b)
Start importing Assets/Scripts/SoundManager.cs using Guid(26d1e7a0d89d8b445876ae704609e3fd) Importer(815301076,1909f56bfc062723c751e8b465ee728b)  -> (artifact id: '5b15f60047281d3275c4ac0590dbc958') in 0.008167 seconds
  Import took 0.011124 seconds .

========================================================================
Received Import Request.
  Time since last request: 0.001070 seconds.
  path: Assets/Scripts/SoundManager.cs
  artifactKey: Guid(26d1e7a0d89d8b445876ae704609e3fd) Importer(815301076,1909f56bfc062723c751e8b465ee728b)
Start importing Assets/Scripts/SoundManager.cs using Guid(26d1e7a0d89d8b445876ae704609e3fd) Importer(815301076,1909f56bfc062723c751e8b465ee728b)  -> (artifact id: '5b15f60047281d3275c4ac0590dbc958') in 0.003081 seconds
  Import took 0.006117 seconds .

========================================================================
Received Prepare
Registering precompiled user dll's ...
Registered in 0.001013 seconds.
Begin MonoManager ReloadAssembly
Native extension for WindowsStandalone target not found
Refreshing native plugins compatible for Editor in 0.32 ms, found 1 plugins.
Preloading 0 native plugins for Editor in 0.00 ms.
Invoked RoslynAnalysisRunner static constructor.
RoslynAnalysisRunner will not be running.
RoslynAnalysisRunner has terminated.
Mono: successfully reloaded assembly
- Completed reload, in  0.684 seconds
Platform modules already initialized, skipping
Refreshing native plugins compatible for Editor in 0.30 ms, found 1 plugins.
Preloading 0 native plugins for Editor in 0.00 ms.
Unloading 1795 Unused Serialized files (Serialized files now loaded: 0)
System memory in use before: 87.9 MB.
System memory in use after: 87.9 MB.

Unloading 12 unused Assets to reduce memory usage. Loaded Objects now: 2264.
Total: 1.692900 ms (FindLiveObjects: 0.171200 ms CreateObjectMapping: 0.060900 ms MarkObjects: 1.371700 ms  DeleteObjects: 0.088200 ms)

========================================================================
Received Import Request.
  Time since last request: 13.076676 seconds.
  path: Assets/Scripts/SoundManager.cs
  artifactKey: Guid(26d1e7a0d89d8b445876ae704609e3fd) Importer(815301076,1909f56bfc062723c751e8b465ee728b)
Start importing Assets/Scripts/SoundManager.cs using Guid(26d1e7a0d89d8b445876ae704609e3fd) Importer(815301076,1909f56bfc062723c751e8b465ee728b)  -> (artifact id: '1d4aaa12bd2292ff1aebe09565099e4f') in 0.006685 seconds
  Import took 0.009341 seconds .

========================================================================
Received Import Request.
  Time since last request: 0.001657 seconds.
  path: Assets/Scripts/SoundManager.cs
  artifactKey: Guid(26d1e7a0d89d8b445876ae704609e3fd) Importer(815301076,1909f56bfc062723c751e8b465ee728b)
Start importing Assets/Scripts/SoundManager.cs using Guid(26d1e7a0d89d8b445876ae704609e3fd) Importer(815301076,1909f56bfc062723c751e8b465ee728b)  -> (artifact id: '1d4aaa12bd2292ff1aebe09565099e4f') in 0.002837 seconds
  Import took 0.005943 seconds .

========================================================================
Received Prepare
Registering precompiled user dll's ...
Registered in 0.000879 seconds.
Begin MonoManager ReloadAssembly
Native extension for WindowsStandalone target not found
Refreshing native plugins compatible for Editor in 0.31 ms, found 1 plugins.
Preloading 0 native plugins for Editor in 0.00 ms.
Invoked RoslynAnalysisRunner static constructor.
RoslynAnalysisRunner will not be running.
RoslynAnalysisRunner has terminated.
Mono: successfully reloaded assembly
- Completed reload, in  0.686 seconds
Platform modules already initialized, skipping
Refreshing native plugins compatible for Editor in 0.33 ms, found 1 plugins.
Preloading 0 native plugins for Editor in 0.00 ms.
Unloading 1795 Unused Serialized files (Serialized files now loaded: 0)
System memory in use before: 87.9 MB.
System memory in use after: 87.9 MB.

Unloading 12 unused Assets to reduce memory usage. Loaded Objects now: 2267.
Total: 1.881100 ms (FindLiveObjects: 0.214900 ms CreateObjectMapping: 0.079800 ms MarkObjects: 1.490000 ms  DeleteObjects: 0.095000 ms)

========================================================================
Received Import Request.
  Time since last request: 4.661539 seconds.
  path: Assets/Scripts/SoundManager.cs
  artifactKey: Guid(26d1e7a0d89d8b445876ae704609e3fd) Importer(815301076,1909f56bfc062723c751e8b465ee728b)
Start importing Assets/Scripts/SoundManager.cs using Guid(26d1e7a0d89d8b445876ae704609e3fd) Importer(815301076,1909f56bfc062723c751e8b465ee728b)  -> (artifact id: 'b59a51472cb75e1fb97a26c69c39a58e') in 0.006744 seconds
  Import took 0.010054 seconds .

========================================================================
Received Prepare
Registering precompiled user dll's ...
Registered in 0.001006 seconds.
Begin MonoManager ReloadAssembly
Native extension for WindowsStandalone target not found
Refreshing native plugins compatible for Editor in 0.31 ms, found 1 plugins.
Preloading 0 native plugins for Editor in 0.00 ms.
Invoked RoslynAnalysisRunner static constructor.
RoslynAnalysisRunner will not be running.
RoslynAnalysisRunner has terminated.
Mono: successfully reloaded assembly
- Completed reload, in  0.670 seconds
Platform modules already initialized, skipping
Refreshing native plugins compatible for Editor in 0.30 ms, found 1 plugins.
Preloading 0 native plugins for Editor in 0.00 ms.
Unloading 1795 Unused Serialized files (Serialized files now loaded: 0)
System memory in use before: 87.9 MB.
System memory in use after: 87.9 MB.

Unloading 12 unused Assets to reduce memory usage. Loaded Objects now: 2270.
Total: 1.823300 ms (FindLiveObjects: 0.189200 ms CreateObjectMapping: 0.049100 ms MarkObjects: 1.459000 ms  DeleteObjects: 0.109400 ms)

========================================================================
Received Import Request.
  Time since last request: 5.490481 seconds.
  path: Assets/Scripts/SoundManager.cs
  artifactKey: Guid(26d1e7a0d89d8b445876ae704609e3fd) Importer(815301076,1909f56bfc062723c751e8b465ee728b)
Start importing Assets/Scripts/SoundManager.cs using Guid(26d1e7a0d89d8b445876ae704609e3fd) Importer(815301076,1909f56bfc062723c751e8b465ee728b)  -> (artifact id: 'cb9d4866fe0a5393e3dc022eb045c3ff') in 0.006555 seconds
  Import took 0.010365 seconds .

========================================================================
Received Prepare
Registering precompiled user dll's ...
Registered in 0.000884 seconds.
Begin MonoManager ReloadAssembly
Native extension for WindowsStandalone target not found
Refreshing native plugins compatible for Editor in 0.30 ms, found 1 plugins.
Preloading 0 native plugins for Editor in 0.00 ms.
Invoked RoslynAnalysisRunner static constructor.
RoslynAnalysisRunner will not be running.
RoslynAnalysisRunner has terminated.
Mono: successfully reloaded assembly
- Completed reload, in  0.671 seconds
Platform modules already initialized, skipping
Refreshing native plugins compatible for Editor in 0.31 ms, found 1 plugins.
Preloading 0 native plugins for Editor in 0.00 ms.
Unloading 1795 Unused Serialized files (Serialized files now loaded: 0)
System memory in use before: 87.9 MB.
System memory in use after: 87.9 MB.

Unloading 12 unused Assets to reduce memory usage. Loaded Objects now: 2273.
Total: 1.920100 ms (FindLiveObjects: 0.214800 ms CreateObjectMapping: 0.083900 ms MarkObjects: 1.524800 ms  DeleteObjects: 0.095500 ms)

========================================================================
Received Import Request.
  Time since last request: 3.600269 seconds.
  path: Assets/Scripts/SoundManager.cs
  artifactKey: Guid(26d1e7a0d89d8b445876ae704609e3fd) Importer(815301076,1909f56bfc062723c751e8b465ee728b)
Start importing Assets/Scripts/SoundManager.cs using Guid(26d1e7a0d89d8b445876ae704609e3fd) Importer(815301076,1909f56bfc062723c751e8b465ee728b)  -> (artifact id: '572dd1471bc998e22692a6e4a1599042') in 0.006601 seconds
  Import took 0.009656 seconds .

========================================================================
Received Prepare
Registering precompiled user dll's ...
Registered in 0.000856 seconds.
Begin MonoManager ReloadAssembly
Native extension for WindowsStandalone target not found
Refreshing native plugins compatible for Editor in 0.32 ms, found 1 plugins.
Preloading 0 native plugins for Editor in 0.00 ms.
Invoked RoslynAnalysisRunner static constructor.
RoslynAnalysisRunner will not be running.
RoslynAnalysisRunner has terminated.
Mono: successfully reloaded assembly
- Completed reload, in  0.669 seconds
Platform modules already initialized, skipping
Refreshing native plugins compatible for Editor in 0.42 ms, found 1 plugins.
Preloading 0 native plugins for Editor in 0.00 ms.
Unloading 1795 Unused Serialized files (Serialized files now loaded: 0)
System memory in use before: 87.9 MB.
System memory in use after: 87.9 MB.

Unloading 12 unused Assets to reduce memory usage. Loaded Objects now: 2276.
Total: 1.802400 ms (FindLiveObjects: 0.146900 ms CreateObjectMapping: 0.049300 ms MarkObjects: 1.516800 ms  DeleteObjects: 0.088700 ms)

========================================================================
Received Prepare
Registering precompiled user dll's ...
Registered in 0.000922 seconds.
Begin MonoManager ReloadAssembly
Native extension for WindowsStandalone target not found
Refreshing native plugins compatible for Editor in 0.31 ms, found 1 plugins.
Preloading 0 native plugins for Editor in 0.00 ms.
Invoked RoslynAnalysisRunner static constructor.
RoslynAnalysisRunner will not be running.
RoslynAnalysisRunner has terminated.
Mono: successfully reloaded assembly
- Completed reload, in  0.676 seconds
Platform modules already initialized, skipping
Refreshing native plugins compatible for Editor in 0.32 ms, found 1 plugins.
Preloading 0 native plugins for Editor in 0.00 ms.
Unloading 1795 Unused Serialized files (Serialized files now loaded: 0)
System memory in use before: 87.9 MB.
System memory in use after: 87.9 MB.

Unloading 12 unused Assets to reduce memory usage. Loaded Objects now: 2279.
Total: 2.069300 ms (FindLiveObjects: 0.191900 ms CreateObjectMapping: 0.069900 ms MarkObjects: 1.709900 ms  DeleteObjects: 0.096200 ms)

========================================================================
Received Import Request.
  Time since last request: 31.951559 seconds.
  path: Assets/Scripts/SpaceShip.cs
  artifactKey: Guid(0c5455dbc8480c149aaee5c13c5bb836) Importer(815301076,1909f56bfc062723c751e8b465ee728b)
Start importing Assets/Scripts/SpaceShip.cs using Guid(0c5455dbc8480c149aaee5c13c5bb836) Importer(815301076,1909f56bfc062723c751e8b465ee728b)  -> (artifact id: 'e8e9865d65cb92bfde1a3e161700f952') in 0.006089 seconds
  Import took 0.008589 seconds .

========================================================================
Received Prepare
Registering precompiled user dll's ...
Registered in 0.000873 seconds.
Begin MonoManager ReloadAssembly
Native extension for WindowsStandalone target not found
Refreshing native plugins compatible for Editor in 0.32 ms, found 1 plugins.
Preloading 0 native plugins for Editor in 0.00 ms.
Invoked RoslynAnalysisRunner static constructor.
RoslynAnalysisRunner will not be running.
RoslynAnalysisRunner has terminated.
Mono: successfully reloaded assembly
- Completed reload, in  0.677 seconds
Platform modules already initialized, skipping
Refreshing native plugins compatible for Editor in 0.33 ms, found 1 plugins.
Preloading 0 native plugins for Editor in 0.00 ms.
Unloading 1795 Unused Serialized files (Serialized files now loaded: 0)
System memory in use before: 88.0 MB.
System memory in use after: 87.9 MB.

Unloading 12 unused Assets to reduce memory usage. Loaded Objects now: 2282.
Total: 1.651400 ms (FindLiveObjects: 0.156700 ms CreateObjectMapping: 0.056100 ms MarkObjects: 1.278300 ms  DeleteObjects: 0.158800 ms)

========================================================================
Received Prepare
Registering precompiled user dll's ...
Registered in 0.000910 seconds.
Begin MonoManager ReloadAssembly
Native extension for WindowsStandalone target not found
Refreshing native plugins compatible for Editor in 0.30 ms, found 1 plugins.
Preloading 0 native plugins for Editor in 0.00 ms.
Invoked RoslynAnalysisRunner static constructor.
RoslynAnalysisRunner will not be running.
RoslynAnalysisRunner has terminated.
Mono: successfully reloaded assembly
- Completed reload, in  0.682 seconds
Platform modules already initialized, skipping
Refreshing native plugins compatible for Editor in 0.31 ms, found 1 plugins.
Preloading 0 native plugins for Editor in 0.00 ms.
Unloading 1795 Unused Serialized files (Serialized files now loaded: 0)
System memory in use before: 88.0 MB.
System memory in use after: 88.0 MB.

Unloading 12 unused Assets to reduce memory usage. Loaded Objects now: 2285.
Total: 1.771200 ms (FindLiveObjects: 0.180000 ms CreateObjectMapping: 0.066300 ms MarkObjects: 1.428900 ms  DeleteObjects: 0.094200 ms)

========================================================================
Received Import Request.
  Time since last request: 104.583838 seconds.
  path: Assets/Scenes/MainScene.unity
  artifactKey: Guid(ad3c043a6fe780f4bb4a0d2ba4d9c169) Importer(815301076,1909f56bfc062723c751e8b465ee728b)
Start importing Assets/Scenes/MainScene.unity using Guid(ad3c043a6fe780f4bb4a0d2ba4d9c169) Importer(815301076,1909f56bfc062723c751e8b465ee728b)  -> (artifact id: '2e410dca3d94da928e2168d3555c629d') in 0.013792 seconds
  Import took 0.016431 seconds .

========================================================================
Received Prepare
Registering precompiled user dll's ...
Registered in 0.000893 seconds.
Begin MonoManager ReloadAssembly
Native extension for WindowsStandalone target not found
Refreshing native plugins compatible for Editor in 0.31 ms, found 1 plugins.
Preloading 0 native plugins for Editor in 0.00 ms.
Invoked RoslynAnalysisRunner static constructor.
RoslynAnalysisRunner will not be running.
RoslynAnalysisRunner has terminated.
Mono: successfully reloaded assembly
- Completed reload, in  0.676 seconds
Platform modules already initialized, skipping
Refreshing native plugins compatible for Editor in 0.31 ms, found 1 plugins.
Preloading 0 native plugins for Editor in 0.00 ms.
Unloading 1795 Unused Serialized files (Serialized files now loaded: 0)
System memory in use before: 88.0 MB.
System memory in use after: 88.0 MB.

Unloading 12 unused Assets to reduce memory usage. Loaded Objects now: 2288.
Total: 1.805800 ms (FindLiveObjects: 0.176800 ms CreateObjectMapping: 0.069700 ms MarkObjects: 1.457900 ms  DeleteObjects: 0.100300 ms)

========================================================================
Received Prepare
Registering precompiled user dll's ...
Registered in 0.000852 seconds.
Begin MonoManager ReloadAssembly
Native extension for WindowsStandalone target not found
Refreshing native plugins compatible for Editor in 0.31 ms, found 1 plugins.
Preloading 0 native plugins for Editor in 0.00 ms.
Invoked RoslynAnalysisRunner static constructor.
RoslynAnalysisRunner will not be running.
RoslynAnalysisRunner has terminated.
Mono: successfully reloaded assembly
- Completed reload, in  0.682 seconds
Platform modules already initialized, skipping
Refreshing native plugins compatible for Editor in 0.32 ms, found 1 plugins.
Preloading 0 native plugins for Editor in 0.00 ms.
Unloading 1795 Unused Serialized files (Serialized files now loaded: 0)
System memory in use before: 88.0 MB.
System memory in use after: 88.0 MB.

Unloading 12 unused Assets to reduce memory usage. Loaded Objects now: 2291.
Total: 1.766600 ms (FindLiveObjects: 0.201300 ms CreateObjectMapping: 0.070900 ms MarkObjects: 1.401800 ms  DeleteObjects: 0.091600 ms)

========================================================================
Received Prepare
Registering precompiled user dll's ...
Registered in 0.000863 seconds.
Begin MonoManager ReloadAssembly
Native extension for WindowsStandalone target not found
Refreshing native plugins compatible for Editor in 0.30 ms, found 1 plugins.
Preloading 0 native plugins for Editor in 0.00 ms.
Invoked RoslynAnalysisRunner static constructor.
RoslynAnalysisRunner will not be running.
RoslynAnalysisRunner has terminated.
Mono: successfully reloaded assembly
- Completed reload, in  0.666 seconds
Platform modules already initialized, skipping
Refreshing native plugins compatible for Editor in 0.32 ms, found 1 plugins.
Preloading 0 native plugins for Editor in 0.00 ms.
Unloading 1795 Unused Serialized files (Serialized files now loaded: 0)
System memory in use before: 88.0 MB.
System memory in use after: 88.0 MB.

Unloading 12 unused Assets to reduce memory usage. Loaded Objects now: 2294.
Total: 1.786600 ms (FindLiveObjects: 0.165000 ms CreateObjectMapping: 0.050000 ms MarkObjects: 1.410300 ms  DeleteObjects: 0.160500 ms)

========================================================================
Received Import Request.
  Time since last request: 198.476755 seconds.
  path: Assets/Scripts/AlienBullet.cs
  artifactKey: Guid(c9e3b818464f4c14dac00e492cd30e55) Importer(815301076,1909f56bfc062723c751e8b465ee728b)
Start importing Assets/Scripts/AlienBullet.cs using Guid(c9e3b818464f4c14dac00e492cd30e55) Importer(815301076,1909f56bfc062723c751e8b465ee728b)  -> (artifact id: 'd95733b416aacc4b8183bd3241901b5d') in 0.005436 seconds
  Import took 0.008041 seconds .

========================================================================
Received Import Request.
  Time since last request: 0.021159 seconds.
  path: Assets/Scripts/AlienBullet.cs
  artifactKey: Guid(c9e3b818464f4c14dac00e492cd30e55) Importer(815301076,1909f56bfc062723c751e8b465ee728b)
Start importing Assets/Scripts/AlienBullet.cs using Guid(c9e3b818464f4c14dac00e492cd30e55) Importer(815301076,1909f56bfc062723c751e8b465ee728b)  -> (artifact id: 'd95733b416aacc4b8183bd3241901b5d') in 0.003969 seconds
  Import took 0.006578 seconds .

========================================================================
Received Import Request.
  Time since last request: 15.072630 seconds.
  path: Assets/Scripts/AlienBullet.cs
  artifactKey: Guid(c9e3b818464f4c14dac00e492cd30e55) Importer(815301076,1909f56bfc062723c751e8b465ee728b)
Start importing Assets/Scripts/AlienBullet.cs using Guid(c9e3b818464f4c14dac00e492cd30e55) Importer(815301076,1909f56bfc062723c751e8b465ee728b)  -> (artifact id: '432d072fbbac02600bc83faf0b61dfd6') in 0.004912 seconds
  Import took 0.007845 seconds .

========================================================================
Received Prepare
Registering precompiled user dll's ...
Registered in 0.000861 seconds.
Begin MonoManager ReloadAssembly
Native extension for WindowsStandalone target not found
Refreshing native plugins compatible for Editor in 0.30 ms, found 1 plugins.
Preloading 0 native plugins for Editor in 0.00 ms.
Invoked RoslynAnalysisRunner static constructor.
RoslynAnalysisRunner will not be running.
RoslynAnalysisRunner has terminated.
Mono: successfully reloaded assembly
- Completed reload, in  0.667 seconds
Platform modules already initialized, skipping
Refreshing native plugins compatible for Editor in 0.32 ms, found 1 plugins.
Preloading 0 native plugins for Editor in 0.00 ms.
Unloading 1795 Unused Serialized files (Serialized files now loaded: 0)
System memory in use before: 88.0 MB.
System memory in use after: 88.0 MB.

Unloading 12 unused Assets to reduce memory usage. Loaded Objects now: 2297.
Total: 1.768000 ms (FindLiveObjects: 0.172400 ms CreateObjectMapping: 0.055700 ms MarkObjects: 1.443100 ms  DeleteObjects: 0.095900 ms)

========================================================================
Received Import Request.
  Time since last request: 17.558350 seconds.
  path: Assets/Scripts/AlienBullet.cs
  artifactKey: Guid(c9e3b818464f4c14dac00e492cd30e55) Importer(815301076,1909f56bfc062723c751e8b465ee728b)
Start importing Assets/Scripts/AlienBullet.cs using Guid(c9e3b818464f4c14dac00e492cd30e55) Importer(815301076,1909f56bfc062723c751e8b465ee728b)  -> (artifact id: '70d37af47a547fca9577b200b49ca415') in 0.006662 seconds
  Import took 0.009384 seconds .

========================================================================
Received Import Request.
  Time since last request: 1.065792 seconds.
  path: Assets/Scripts/Bullet.cs
  artifactKey: Guid(53154637d2d6bef4faf9c3cfe83a86ae) Importer(815301076,1909f56bfc062723c751e8b465ee728b)
Start importing Assets/Scripts/Bullet.cs using Guid(53154637d2d6bef4faf9c3cfe83a86ae) Importer(815301076,1909f56bfc062723c751e8b465ee728b)  -> (artifact id: 'bbbcb8ae2978cf8720b9535257a0a675') in 0.005697 seconds
  Import took 0.008903 seconds .

========================================================================
Received Prepare
Registering precompiled user dll's ...
Registered in 0.000964 seconds.
Begin MonoManager ReloadAssembly
Native extension for WindowsStandalone target not found
Refreshing native plugins compatible for Editor in 0.31 ms, found 1 plugins.
Preloading 0 native plugins for Editor in 0.00 ms.
Invoked RoslynAnalysisRunner static constructor.
RoslynAnalysisRunner will not be running.
RoslynAnalysisRunner has terminated.
Mono: successfully reloaded assembly
- Completed reload, in  0.683 seconds
Platform modules already initialized, skipping
Refreshing native plugins compatible for Editor in 0.31 ms, found 1 plugins.
Preloading 0 native plugins for Editor in 0.00 ms.
Unloading 1795 Unused Serialized files (Serialized files now loaded: 0)
System memory in use before: 88.0 MB.
System memory in use after: 88.0 MB.

Unloading 12 unused Assets to reduce memory usage. Loaded Objects now: 2300.
Total: 1.777100 ms (FindLiveObjects: 0.238900 ms CreateObjectMapping: 0.050400 ms MarkObjects: 1.396200 ms  DeleteObjects: 0.090700 ms)

========================================================================
Received Prepare
Registering precompiled user dll's ...
Registered in 0.000910 seconds.
Begin MonoManager ReloadAssembly
Native extension for WindowsStandalone target not found
Refreshing native plugins compatible for Editor in 0.30 ms, found 1 plugins.
Preloading 0 native plugins for Editor in 0.00 ms.
Invoked RoslynAnalysisRunner static constructor.
RoslynAnalysisRunner will not be running.
RoslynAnalysisRunner has terminated.
Mono: successfully reloaded assembly
- Completed reload, in  0.672 seconds
Platform modules already initialized, skipping
Refreshing native plugins compatible for Editor in 0.33 ms, found 1 plugins.
Preloading 0 native plugins for Editor in 0.00 ms.
Unloading 1795 Unused Serialized files (Serialized files now loaded: 0)
System memory in use before: 88.0 MB.
System memory in use after: 88.0 MB.

Unloading 12 unused Assets to reduce memory usage. Loaded Objects now: 2303.
Total: 1.822400 ms (FindLiveObjects: 0.268300 ms CreateObjectMapping: 0.075900 ms MarkObjects: 1.379800 ms  DeleteObjects: 0.097100 ms)

========================================================================
Received Prepare
Registering precompiled user dll's ...
Registered in 0.001106 seconds.
Begin MonoManager ReloadAssembly
Native extension for WindowsStandalone target not found
Refreshing native plugins compatible for Editor in 0.31 ms, found 1 plugins.
Preloading 0 native plugins for Editor in 0.00 ms.
Invoked RoslynAnalysisRunner static constructor.
RoslynAnalysisRunner will not be running.
RoslynAnalysisRunner has terminated.
Mono: successfully reloaded assembly
- Completed reload, in  0.729 seconds
Platform modules already initialized, skipping
Refreshing native plugins compatible for Editor in 0.32 ms, found 1 plugins.
Preloading 0 native plugins for Editor in 0.00 ms.
Unloading 1795 Unused Serialized files (Serialized files now loaded: 0)
System memory in use before: 88.0 MB.
System memory in use after: 88.0 MB.

Unloading 12 unused Assets to reduce memory usage. Loaded Objects now: 2306.
Total: 1.815800 ms (FindLiveObjects: 0.168900 ms CreateObjectMapping: 0.064700 ms MarkObjects: 1.483500 ms  DeleteObjects: 0.097700 ms)

========================================================================
Received Prepare
Registering precompiled user dll's ...
Registered in 0.000850 seconds.
Begin MonoManager ReloadAssembly
Native extension for WindowsStandalone target not found
Refreshing native plugins compatible for Editor in 0.30 ms, found 1 plugins.
Preloading 0 native plugins for Editor in 0.00 ms.
Invoked RoslynAnalysisRunner static constructor.
RoslynAnalysisRunner will not be running.
RoslynAnalysisRunner has terminated.
Mono: successfully reloaded assembly
- Completed reload, in  0.673 seconds
Platform modules already initialized, skipping
Refreshing native plugins compatible for Editor in 0.30 ms, found 1 plugins.
Preloading 0 native plugins for Editor in 0.00 ms.
Unloading 1795 Unused Serialized files (Serialized files now loaded: 0)
System memory in use before: 88.0 MB.
System memory in use after: 88.0 MB.

Unloading 12 unused Assets to reduce memory usage. Loaded Objects now: 2309.
Total: 1.901900 ms (FindLiveObjects: 0.314000 ms CreateObjectMapping: 0.069000 ms MarkObjects: 1.415200 ms  DeleteObjects: 0.102000 ms)

AssetImportWorkerClient::OnTransportError - code=2 error=End of file
